<?xml version="1.0" encoding="UTF-8"?>
<!-- Generated by org.testng.reporters.JUnitReportReporter -->
<testsuite hostname="IBM802-PC09KLER" name="com.ibm.automation.AdminUserCreateTestNG" tests="2" failures="0" timestamp="8 Dec 2016 05:41:56 GMT" time="89.067" errors="0">
  <testcase name="AdminUserCreationGDC" time="0.381" classname="com.ibm.automation.AdminUserCreateTestNG"/>
  <testcase name="AdminUserCreation" time="88.686" classname="com.ibm.automation.AdminUserCreateTestNG"/>
</testsuite> <!-- com.ibm.automation.AdminUserCreateTestNG -->
