<?xml version="1.0" encoding="UTF-8"?>
<!-- Generated by org.testng.reporters.JUnitReportReporter -->
<testsuite hostname="IBM802-PC09KLER" name="com.ibm.automation.PEHomeFilterTestNG" tests="2" failures="0" timestamp="1 Dec 2016 11:15:45 GMT" time="23.645" errors="0">
  <testcase name="PEHomePagination" time="23.144" classname="com.ibm.automation.PEHomeFilterTestNG"/>
  <testcase name="PEHomeFilter" time="0.501" classname="com.ibm.automation.PEHomeFilterTestNG"/>
</testsuite> <!-- com.ibm.automation.PEHomeFilterTestNG -->
