<?xml version="1.0" encoding="UTF-8"?>
<!-- Generated by org.testng.reporters.JUnitReportReporter -->
<testsuite hostname="IBM802-PC09KLER" name="com.ibm.automation.EntityCreationTestNG" tests="7" failures="0" timestamp="9 Feb 2017 11:58:36 GMT" time="131.666" errors="0">
  <testcase name="EntityPaymentCreate" time="129.745" classname="com.ibm.automation.EntityCreationTestNG"/>
  <testcase name="EntityPaymentCreateGDC" time="0.141" classname="com.ibm.automation.EntityCreationTestNG"/>
  <testcase name="EntityGlobalCreate" time="0.718" classname="com.ibm.automation.EntityCreationTestNG"/>
  <testcase name="EntityCorporateCreate" time="0.328" classname="com.ibm.automation.EntityCreationTestNG"/>
  <testcase name="EntityCorporateCreateGDC" time="0.156" classname="com.ibm.automation.EntityCreationTestNG"/>
  <testcase name="EntityGlobalCreateGDC" time="0.172" classname="com.ibm.automation.EntityCreationTestNG"/>
  <testcase name="EntityGlobalPartner" time="0.406" classname="com.ibm.automation.EntityCreationTestNG"/>
</testsuite> <!-- com.ibm.automation.EntityCreationTestNG -->
