<?xml version="1.0" encoding="UTF-8"?>
<!-- Generated by org.testng.reporters.JUnitReportReporter -->
<testsuite hostname="IBM802-PC09KLER" name="com.ibm.automation.ETLMappingTestNG" tests="4" failures="0" timestamp="9 Dec 2016 11:13:10 GMT" time="75.837" errors="0">
  <testcase name="BuyerETLMapping" time="74.791" classname="com.ibm.automation.ETLMappingTestNG"/>
  <testcase name="SupplierETLMapping" time="0.296" classname="com.ibm.automation.ETLMappingTestNG"/>
  <testcase name="EditBuyerETLMapping" time="0.422" classname="com.ibm.automation.ETLMappingTestNG"/>
  <testcase name="EditSupplierETLMapping" time="0.328" classname="com.ibm.automation.ETLMappingTestNG"/>
</testsuite> <!-- com.ibm.automation.ETLMappingTestNG -->
