<?xml version="1.0" encoding="UTF-8"?>
<!-- Generated by org.testng.reporters.JUnitReportReporter -->
<testsuite hostname="IBM802-PC09KLER" name="com.ibm.automation.PEFilterPaginationTestNG" tests="2" failures="0" timestamp="7 Dec 2016 10:53:23 GMT" time="22.704" errors="0">
  <testcase name="PEHomeFilter" time="0.521" classname="com.ibm.automation.PEFilterPaginationTestNG"/>
  <testcase name="PEHomePagination" time="22.183" classname="com.ibm.automation.PEFilterPaginationTestNG"/>
</testsuite> <!-- com.ibm.automation.PEFilterPaginationTestNG -->
