<?xml version="1.0" encoding="UTF-8"?>
<!-- Generated by org.testng.reporters.JUnitReportReporter -->
<testsuite hostname="IBM802-PC09KLER" name="com.ibm.automation.AdminPaymentSearchTestNG" tests="4" failures="0" timestamp="7 Dec 2016 10:23:07 GMT" time="83.808" errors="0">
  <testcase name="PaymentFilesTC" time="82.739" classname="com.ibm.automation.AdminPaymentSearchTestNG"/>
  <testcase name="SupplierFilesTC" time="0.210" classname="com.ibm.automation.AdminPaymentSearchTestNG"/>
  <testcase name="SinglePaymentsTC" time="0.233" classname="com.ibm.automation.AdminPaymentSearchTestNG"/>
  <testcase name="OtherFilesTC" time="0.626" classname="com.ibm.automation.AdminPaymentSearchTestNG"/>
</testsuite> <!-- com.ibm.automation.AdminPaymentSearchTestNG -->
