<?xml version="1.0" encoding="UTF-8"?>
<!-- Generated by org.testng.reporters.JUnitReportReporter -->
<testsuite hostname="IBM802-PC09KLER" name="com.ibm.automation.ViewSupplierDetailsTestNG" tests="1" failures="0" timestamp="3 Jan 2017 04:54:16 GMT" time="153.770" errors="0">
  <testcase name="ViewSupplierDetailsTC" time="153.770" classname="com.ibm.automation.ViewSupplierDetailsTestNG"/>
</testsuite> <!-- com.ibm.automation.ViewSupplierDetailsTestNG -->
