<?xml version="1.0" encoding="UTF-8"?>
<!-- Generated by org.testng.reporters.JUnitReportReporter -->
<testsuite hostname="IBM802-PC09KLER" name="com.ibm.automation.AdminBREditTestNG" tests="1" failures="0" timestamp="3 Jan 2017 04:50:50 GMT" time="0.687" errors="0">
  <testcase name="BuyerRelationSupplierEdit" time="0.687" classname="com.ibm.automation.AdminBREditTestNG"/>
</testsuite> <!-- com.ibm.automation.AdminBREditTestNG -->
