<?xml version="1.0" encoding="UTF-8"?>
<!-- Generated by org.testng.reporters.JUnitReportReporter -->
<testsuite skipped="0" hostname="LAPTOP-4LL4BIDP" name="com.ibm.automation.AdminSmokeTestNG" tests="20" failures="0" timestamp="30 Nov 2017 20:15:02 GMT" time="1.518" errors="1">
  <testcase name="TC_001_AllEntity_Enterprise_US" time="0.274" classname="com.ibm.automation.AdminSmokeTestNG">
    <error type="java.lang.NullPointerException">
      <![CDATA[java.lang.NullPointerException
	at com.ibm.automation.FwReport.logScreenshot(FwReport.java:44)
	at com.ibm.automation.EntityCreationLib.funcExpOpenURL(EntityCreationLib.java:19)
	at com.ibm.automation.AdminSmokeTestNG.TC_001_AllEntity_Enterprise_US(AdminSmokeTestNG.java:41)
	at sun.reflect.NativeMethodAccessorImpl.invoke0(Native Method)
	at sun.reflect.NativeMethodAccessorImpl.invoke(Unknown Source)
	at sun.reflect.DelegatingMethodAccessorImpl.invoke(Unknown Source)
	at java.lang.reflect.Method.invoke(Unknown Source)
	at org.testng.internal.MethodInvocationHelper.invokeMethod(MethodInvocationHelper.java:108)
	at org.testng.internal.Invoker.invokeMethod(Invoker.java:669)
	at org.testng.internal.Invoker.invokeTestMethod(Invoker.java:877)
	at org.testng.internal.Invoker.invokeTestMethods(Invoker.java:1201)
	at org.testng.internal.TestMethodWorker.invokeTestMethods(TestMethodWorker.java:125)
	at org.testng.internal.TestMethodWorker.run(TestMethodWorker.java:109)
	at org.testng.TestRunner.privateRun(TestRunner.java:776)
	at org.testng.TestRunner.run(TestRunner.java:634)
	at org.testng.SuiteRunner.runTest(SuiteRunner.java:425)
	at org.testng.SuiteRunner.runSequentially(SuiteRunner.java:420)
	at org.testng.SuiteRunner.privateRun(SuiteRunner.java:385)
	at org.testng.SuiteRunner.run(SuiteRunner.java:334)
	at org.testng.SuiteRunnerWorker.runSuite(SuiteRunnerWorker.java:52)
	at org.testng.SuiteRunnerWorker.run(SuiteRunnerWorker.java:86)
	at org.testng.TestNG.runSuitesSequentially(TestNG.java:1318)
	at org.testng.TestNG.runSuitesLocally(TestNG.java:1243)
	at org.testng.TestNG.runSuites(TestNG.java:1161)
	at org.testng.TestNG.run(TestNG.java:1129)
	at org.testng.remote.AbstractRemoteTestNG.run(AbstractRemoteTestNG.java:114)
	at org.testng.remote.RemoteTestNG.initAndRun(RemoteTestNG.java:251)
	at org.testng.remote.RemoteTestNG.main(RemoteTestNG.java:77)
]]>
    </error>
  </testcase> <!-- TC_001_AllEntity_Enterprise_US -->
  <testcase name="TC_002_GlobalEntity_Enterprise_US" time="0.207" classname="com.ibm.automation.AdminSmokeTestNG"/>
  <testcase name="TC_003_CorporateEntity_Enterprise_US" time="0.131" classname="com.ibm.automation.AdminSmokeTestNG"/>
  <testcase name="TC_004_PaymentEntity_Enterprise_US" time="0.072" classname="com.ibm.automation.AdminSmokeTestNG"/>
  <testcase name="TC_005_AllEntity_Express_US" time="0.061" classname="com.ibm.automation.AdminSmokeTestNG"/>
  <testcase name="TC_006_GlobalEntity_Express_US" time="0.068" classname="com.ibm.automation.AdminSmokeTestNG"/>
  <testcase name="TC_007_CorporateEntity_Express_US" time="0.065" classname="com.ibm.automation.AdminSmokeTestNG"/>
  <testcase name="TC_008_PaymentEntity_Express_US" time="0.055" classname="com.ibm.automation.AdminSmokeTestNG"/>
  <testcase name="TC_009_AllEntity_Express_France" time="0.056" classname="com.ibm.automation.AdminSmokeTestNG"/>
  <testcase name="TC_010_GlobalEntity_Express_France" time="0.055" classname="com.ibm.automation.AdminSmokeTestNG"/>
  <testcase name="TC_011_CorporateEntity_Express_France" time="0.053" classname="com.ibm.automation.AdminSmokeTestNG"/>
  <testcase name="TC_012_PaymentEntity_Express_France" time="0.038" classname="com.ibm.automation.AdminSmokeTestNG"/>
  <testcase name="TC_001_CustomerUserCreate_Admin_Enterprise_US" time="0.046" classname="com.ibm.automation.AdminSmokeTestNG"/>
  <testcase name="TC_002_CustomerUserCreate_Admin_Express_US" time="0.061" classname="com.ibm.automation.AdminSmokeTestNG"/>
  <testcase name="TC_003_CustomerUserCreate_Admin_Express_France" time="0.038" classname="com.ibm.automation.AdminSmokeTestNG"/>
  <testcase name="TC_001_ETLMapping_PIF_Enterprise_US" time="0.044" classname="com.ibm.automation.AdminSmokeTestNG"/>
  <testcase name="TC_002_ETLMapping_CCF_Enterprise_US" time="0.051" classname="com.ibm.automation.AdminSmokeTestNG"/>
  <testcase name="TC_003_ETLMapping_SMDF_Enterprise_US" time="0.059" classname="com.ibm.automation.AdminSmokeTestNG"/>
  <testcase name="TC_004_ETLMapping_SMDF_Express_US" time="0.049" classname="com.ibm.automation.AdminSmokeTestNG"/>
  <testcase name="TC_005_ETLMapping_SMDF_Express_France" time="0.035" classname="com.ibm.automation.AdminSmokeTestNG"/>
</testsuite> <!-- com.ibm.automation.AdminSmokeTestNG -->
