<?xml version="1.0" encoding="UTF-8"?>
<!-- Generated by org.testng.reporters.JUnitReportReporter -->
<testsuite hostname="ADMINIB-I821MGF" name="com.ibm.automation.CopyOfAppTestNGTests" tests="2" failures="0" timestamp="16 Jun 2016 08:43:37 GMT" time="12.887" errors="0">
  <testcase name="sampleTest1" time="12.772" classname="com.ibm.automation.CopyOfAppTestNGTests"/>
  <testcase name="sampleTest2" time="0.115" classname="com.ibm.automation.CopyOfAppTestNGTests"/>
</testsuite> <!-- com.ibm.automation.CopyOfAppTestNGTests -->
