<?xml version="1.0" encoding="UTF-8"?>
<!-- Generated by org.testng.reporters.JUnitReportReporter -->
<testsuite hostname="IBM802-PC09KLER" name="com.ibm.automation.FPSupplierTestNGtest" tests="1" failures="0" timestamp="2 Aug 2016 10:59:29 GMT" time="18.901" errors="0">
  <testcase name="TC01_CreateRelationship" time="18.901" classname="com.ibm.automation.FPSupplierTestNGtest"/>
</testsuite> <!-- com.ibm.automation.FPSupplierTestNGtest -->
