<?xml version="1.0" encoding="UTF-8"?>
<!-- Generated by org.testng.reporters.JUnitReportReporter -->
<testsuite hostname="IBM802-PC09KLER" name="com.ibm.automation.BuyerOnboardTestNG" tests="15" failures="0" timestamp="17 Aug 2017 08:43:12 GMT" time="413.664" errors="0">
  <testcase name="TC_012_PaymentEntity_Express_France" time="0.063" classname="com.ibm.automation.BuyerOnboardTestNG"/>
  <testcase name="TC_011_CorporateEntity_Express_France" time="0.062" classname="com.ibm.automation.BuyerOnboardTestNG"/>
  <testcase name="TC_002_CustomerUserCreate_Admin_Express_US" time="0.031" classname="com.ibm.automation.BuyerOnboardTestNG"/>
  <testcase name="TC_003_CustomerUserCreate_Admin_Express_France" time="0.047" classname="com.ibm.automation.BuyerOnboardTestNG"/>
  <testcase name="TC_001_CustomerUserCreate_Admin_Enterprise_US" time="134.508" classname="com.ibm.automation.BuyerOnboardTestNG"/>
  <testcase name="TC_004_PaymentEntity_Enterprise_US" time="0.094" classname="com.ibm.automation.BuyerOnboardTestNG"/>
  <testcase name="TC_007_CorporateEntity_Express_US" time="0.109" classname="com.ibm.automation.BuyerOnboardTestNG"/>
  <testcase name="TC_009_AllEntity_Express_France" time="0.062" classname="com.ibm.automation.BuyerOnboardTestNG"/>
  <testcase name="TC_008_PaymentEntity_Express_US" time="0.094" classname="com.ibm.automation.BuyerOnboardTestNG"/>
  <testcase name="TC_002_GlobalEntity_Enterprise_US" time="0.173" classname="com.ibm.automation.BuyerOnboardTestNG"/>
  <testcase name="TC_006_GlobalEntity_Express_US" time="0.094" classname="com.ibm.automation.BuyerOnboardTestNG"/>
  <testcase name="TC_005_AllEntity_Express_US" time="0.078" classname="com.ibm.automation.BuyerOnboardTestNG"/>
  <testcase name="TC_003_CorporateEntity_Enterprise_US" time="0.124" classname="com.ibm.automation.BuyerOnboardTestNG"/>
  <testcase name="TC_010_GlobalEntity_Express_France" time="0.063" classname="com.ibm.automation.BuyerOnboardTestNG"/>
  <testcase name="TC_001_AllEntity_Enterprise_US" time="278.062" classname="com.ibm.automation.BuyerOnboardTestNG"/>
</testsuite> <!-- com.ibm.automation.BuyerOnboardTestNG -->
