<?xml version="1.0" encoding="UTF-8"?>
<!-- Generated by org.testng.reporters.JUnitReportReporter -->
<testsuite hostname="IBM802-PC09KLER" name="com.ibm.automation.BuyerUserSetupTestNG" tests="1" failures="0" timestamp="10 Aug 2016 09:08:34 GMT" time="93.498" errors="0">
  <testcase name="BuyerUserSetup" time="93.498" classname="com.ibm.automation.BuyerUserSetupTestNG"/>
</testsuite> <!-- com.ibm.automation.BuyerUserSetupTestNG -->
