<?xml version="1.0" encoding="UTF-8"?>
<!-- Generated by org.testng.reporters.JUnitReportReporter -->
<testsuite hostname="IBM802-PC09KLER" name="com.ibm.automation.PaySSuppTestNG" tests="2" failures="0" timestamp="12 Sep 2016 04:54:39 GMT" time="38.302" errors="0">
  <testcase name="PaySSupp" time="0.328" classname="com.ibm.automation.PaySSuppTestNG"/>
  <testcase name="PaySSuppMUpload" time="37.974" classname="com.ibm.automation.PaySSuppTestNG"/>
</testsuite> <!-- com.ibm.automation.PaySSuppTestNG -->
