<?xml version="1.0" encoding="UTF-8"?>
<!-- Generated by org.testng.reporters.JUnitReportReporter -->
<testsuite hostname="IBM802-PC09KLER" name="com.ibm.automation.BIPXSupplierViewEditTestNG" tests="2" failures="0" timestamp="26 Dec 2016 08:13:38 GMT" time="139.991" errors="0">
  <testcase name="BIPXSupplierEdit" time="139.662" classname="com.ibm.automation.BIPXSupplierViewEditTestNG"/>
  <testcase name="BIPXSupplierView" time="0.329" classname="com.ibm.automation.BIPXSupplierViewEditTestNG"/>
</testsuite> <!-- com.ibm.automation.BIPXSupplierViewEditTestNG -->
