<?xml version="1.0" encoding="UTF-8"?>
<!-- Generated by org.testng.reporters.JUnitReportReporter -->
<testsuite hostname="IBM802-PC09KLER" name="com.ibm.automation.AdminEntityViewTestNG" tests="3" failures="0" timestamp="3 Jan 2017 04:33:48 GMT" time="220.552" errors="0">
  <testcase name="GlobalEntityView" time="65.345" classname="com.ibm.automation.AdminEntityViewTestNG"/>
  <testcase name="CorporateEntityView" time="71.677" classname="com.ibm.automation.AdminEntityViewTestNG"/>
  <testcase name="PaymentEntityView" time="83.530" classname="com.ibm.automation.AdminEntityViewTestNG"/>
</testsuite> <!-- com.ibm.automation.AdminEntityViewTestNG -->
