<?xml version="1.0" encoding="UTF-8"?>
<!-- Generated by org.testng.reporters.JUnitReportReporter -->
<testsuite hostname="IBM802-PC09KLER" name="com.ibm.automation.AppTestNGTests" tests="8" failures="0" timestamp="5 Jul 2016 11:30:55 GMT" time="62.903" errors="0">
  <testcase name="PaySSupp" time="62.331" classname="com.ibm.automation.AppTestNGTests"/>
  <testcase name="sampleTest2" time="0.070" classname="com.ibm.automation.AppTestNGTests"/>
  <testcase name="DemoTest1" time="0.095" classname="com.ibm.automation.AppTestNGTests"/>
  <testcase name="sampleTest5" time="0.063" classname="com.ibm.automation.AppTestNGTests"/>
  <testcase name="bipTest1" time="0.129" classname="com.ibm.automation.AppTestNGTests"/>
  <testcase name="sampleTest4" time="0.068" classname="com.ibm.automation.AppTestNGTests"/>
  <testcase name="sampleTest3" time="0.059" classname="com.ibm.automation.AppTestNGTests"/>
  <testcase name="sampleTest1" time="0.088" classname="com.ibm.automation.AppTestNGTests"/>
</testsuite> <!-- com.ibm.automation.AppTestNGTests -->
