<?xml version="1.0" encoding="UTF-8"?>
<!-- Generated by org.testng.reporters.JUnitReportReporter -->
<testsuite hostname="IBM802-PC09KLER" name="com.ibm.automation.EnterpriseUserViewTestNG" tests="1" failures="0" timestamp="2 Jan 2017 11:49:59 GMT" time="62.599" errors="0">
  <testcase name="EnterpriseUserViewTC" time="62.599" classname="com.ibm.automation.EnterpriseUserViewTestNG"/>
</testsuite> <!-- com.ibm.automation.EnterpriseUserViewTestNG -->
